  ModulePlayer.cpp
C:\Users\CLEVO\Desktop\joan\RacingCar\Physics II - Bullet3D - Handout 05\ModulePlayer.cpp(24,34): warning C4305: 'argumento': truncamiento de 'double' a 'float'
C:\Users\CLEVO\Desktop\joan\RacingCar\Physics II - Bullet3D - Handout 05\ModulePlayer.cpp(36,39): warning C4305: 'argumento': truncamiento de 'double' a 'float'
C:\Users\CLEVO\Desktop\joan\RacingCar\Physics II - Bullet3D - Handout 05\ModulePlayer.cpp(37,39): warning C4305: 'argumento': truncamiento de 'double' a 'float'
C:\Users\CLEVO\Desktop\joan\RacingCar\Physics II - Bullet3D - Handout 05\ModulePlayer.cpp(39,35): warning C4305: 'argumento': truncamiento de 'double' a 'float'
C:\Users\CLEVO\Desktop\joan\RacingCar\Physics II - Bullet3D - Handout 05\ModulePlayer.cpp(40,32): warning C4305: 'argumento': truncamiento de 'double' a 'float'
C:\Users\CLEVO\Desktop\joan\RacingCar\Physics II - Bullet3D - Handout 05\ModulePlayer.cpp(41,35): warning C4305: 'argumento': truncamiento de 'double' a 'float'
C:\Users\CLEVO\Desktop\joan\RacingCar\Physics II - Bullet3D - Handout 05\ModulePlayer.cpp(42,45): warning C4305: 'argumento': truncamiento de 'double' a 'float'
C:\Users\CLEVO\Desktop\joan\RacingCar\Physics II - Bullet3D - Handout 05\ModulePlayer.cpp(43,48): warning C4305: 'argumento': truncamiento de 'double' a 'float'
C:\Users\CLEVO\Desktop\joan\RacingCar\Physics II - Bullet3D - Handout 05\ModulePlayer.cpp(44,44): warning C4305: 'argumento': truncamiento de 'double' a 'float'
C:\Users\CLEVO\Desktop\joan\RacingCar\Physics II - Bullet3D - Handout 05\ModulePlayer.cpp(45,48): warning C4305: 'argumento': truncamiento de 'double' a 'float'
C:\Users\CLEVO\Desktop\joan\RacingCar\Physics II - Bullet3D - Handout 05\ModulePlayer.cpp(121,28): warning C4305: 'argumento': truncamiento de 'double' a 'const btScalar'
C:\Users\CLEVO\Desktop\joan\RacingCar\Physics II - Bullet3D - Handout 05\ModulePlayer.cpp(122,33): warning C4305: 'argumento': truncamiento de 'double' a 'const btScalar'
C:\Users\CLEVO\Desktop\joan\RacingCar\Physics II - Bullet3D - Handout 05\ModulePlayer.cpp(123,32): warning C4305: 'argumento': truncamiento de 'double' a 'const btScalar'
C:\Users\CLEVO\Desktop\joan\RacingCar\Physics II - Bullet3D - Handout 05\ModulePlayer.cpp(197,78): warning C4244: 'argumento': conversión de 'float' a 'int'; posible pérdida de datos
C:\Users\CLEVO\Desktop\joan\RacingCar\Physics II - Bullet3D - Handout 05\ModulePlayer.cpp(197,56): warning C4244: 'argumento': conversión de 'float' a 'int'; posible pérdida de datos
C:\Users\CLEVO\Desktop\joan\RacingCar\Physics II - Bullet3D - Handout 05\ModulePlayer.cpp(197,34): warning C4244: 'argumento': conversión de 'float' a 'int'; posible pérdida de datos
C:\Users\CLEVO\Desktop\joan\RacingCar\Physics II - Bullet3D - Handout 05\ModulePlayer.cpp(241,67): warning C4244: 'argumento': conversión de 'float' a 'int'; posible pérdida de datos
C:\Users\CLEVO\Desktop\joan\RacingCar\Physics II - Bullet3D - Handout 05\ModulePlayer.cpp(241,49): warning C4244: 'argumento': conversión de 'float' a 'int'; posible pérdida de datos
C:\Users\CLEVO\Desktop\joan\RacingCar\Physics II - Bullet3D - Handout 05\ModulePlayer.cpp(241,31): warning C4244: 'argumento': conversión de 'float' a 'int'; posible pérdida de datos
C:\Users\CLEVO\Desktop\joan\RacingCar\Physics II - Bullet3D - Handout 05\ModulePlayer.cpp(267,24): warning C4244: 'argumento': conversión de 'int' a 'float'; posible pérdida de datos
C:\Users\CLEVO\Desktop\joan\RacingCar\Physics II - Bullet3D - Handout 05\ModulePlayer.cpp(267,21): warning C4244: 'argumento': conversión de 'int' a 'float'; posible pérdida de datos
C:\Users\CLEVO\Desktop\joan\RacingCar\Physics II - Bullet3D - Handout 05\ModulePlayer.cpp(267,18): warning C4244: 'argumento': conversión de 'int' a 'float'; posible pérdida de datos
  3D Physics.vcxproj -> C:\Users\CLEVO\Desktop\joan\RacingCar\Physics II - Bullet3D - Handout 05\Debug\3D Physics - class5.exe
