  Application.cpp
C:\Users\CLEVO\Desktop\joan\RacingCar\Physics II - Bullet3D - Handout 05\Application.cpp(11,37): warning C4316: 'ModulePhysics3D': puede que el objeto asignado en el montón no esté alineado 16
C:\Users\CLEVO\Desktop\joan\RacingCar\Physics II - Bullet3D - Handout 05\Application.cpp(12,33): warning C4316: 'ModulePlayer': puede que el objeto asignado en el montón no esté alineado 16
  Color.cpp
  glmath.cpp
C:\Users\CLEVO\Desktop\joan\RacingCar\Physics II - Bullet3D - Handout 05\glmath.cpp(12,13): warning C4244: 'return': conversión de 'double' a 'float'; posible pérdida de datos
C:\Users\CLEVO\Desktop\joan\RacingCar\Physics II - Bullet3D - Handout 05\glmath.cpp(27,17): warning C4244: 'argumento': conversión de 'double' a 'float'; posible pérdida de datos
C:\Users\CLEVO\Desktop\joan\RacingCar\Physics II - Bullet3D - Handout 05\glmath.cpp(43,34): warning C4244: 'argumento': conversión de 'double' a 'float'; posible pérdida de datos
C:\Users\CLEVO\Desktop\joan\RacingCar\Physics II - Bullet3D - Handout 05\glmath.cpp(53,10): warning C4244: 'inicializando': conversión de 'double' a 'float'; posible pérdida de datos
C:\Users\CLEVO\Desktop\joan\RacingCar\Physics II - Bullet3D - Handout 05\glmath.cpp(53,26): warning C4244: 'inicializando': conversión de 'double' a 'float'; posible pérdida de datos
C:\Users\CLEVO\Desktop\joan\RacingCar\Physics II - Bullet3D - Handout 05\glmath.cpp(72,13): warning C4244: 'return': conversión de 'double' a 'float'; posible pérdida de datos
C:\Users\CLEVO\Desktop\joan\RacingCar\Physics II - Bullet3D - Handout 05\glmath.cpp(87,17): warning C4244: 'argumento': conversión de 'double' a 'float'; posible pérdida de datos
C:\Users\CLEVO\Desktop\joan\RacingCar\Physics II - Bullet3D - Handout 05\glmath.cpp(103,34): warning C4244: 'argumento': conversión de 'double' a 'float'; posible pérdida de datos
C:\Users\CLEVO\Desktop\joan\RacingCar\Physics II - Bullet3D - Handout 05\glmath.cpp(600,13): warning C4244: 'inicializando': conversión de 'double' a 'float'; posible pérdida de datos
C:\Users\CLEVO\Desktop\joan\RacingCar\Physics II - Bullet3D - Handout 05\glmath.cpp(618,10): warning C4244: 'inicializando': conversión de 'double' a 'float'; posible pérdida de datos
C:\Users\CLEVO\Desktop\joan\RacingCar\Physics II - Bullet3D - Handout 05\glmath.cpp(618,33): warning C4244: 'inicializando': conversión de 'double' a 'float'; posible pérdida de datos
C:\Users\CLEVO\Desktop\joan\RacingCar\Physics II - Bullet3D - Handout 05\glmath.cpp(758,13): warning C4244: 'inicializando': conversión de 'double' a 'float'; posible pérdida de datos
C:\Users\CLEVO\Desktop\joan\RacingCar\Physics II - Bullet3D - Handout 05\glmath.cpp(778,10): warning C4244: 'inicializando': conversión de 'double' a 'float'; posible pérdida de datos
C:\Users\CLEVO\Desktop\joan\RacingCar\Physics II - Bullet3D - Handout 05\glmath.cpp(778,33): warning C4244: 'inicializando': conversión de 'double' a 'float'; posible pérdida de datos
  Light.cpp
  log.cpp
  Main.cpp
  ModuleAudio.cpp
  ModuleCamera3D.cpp
  ModuleInput.cpp
  ModulePhysics3D.cpp
C:\Users\CLEVO\Desktop\joan\RacingCar\Physics II - Bullet3D - Handout 05\ModulePhysics3D.cpp(77,20): warning C4244: 'argumento': conversión de 'int' a 'float'; posible pérdida de datos
C:\Users\CLEVO\Desktop\joan\RacingCar\Physics II - Bullet3D - Handout 05\ModulePhysics3D.cpp(78,20): warning C4244: 'argumento': conversión de 'int' a 'float'; posible pérdida de datos
C:\Users\CLEVO\Desktop\joan\RacingCar\Physics II - Bullet3D - Handout 05\ModulePhysics3D.cpp(460,41): warning C4244: 'argumento': conversión de 'int' a 'float'; posible pérdida de datos
C:\Users\CLEVO\Desktop\joan\RacingCar\Physics II - Bullet3D - Handout 05\ModulePhysics3D.cpp(460,26): warning C4244: 'argumento': conversión de 'int' a 'float'; posible pérdida de datos
C:\Users\CLEVO\Desktop\joan\RacingCar\Physics II - Bullet3D - Handout 05\ModulePhysics3D.cpp(466,23): warning C4244: 'argumento': conversión de 'int' a 'float'; posible pérdida de datos
C:\Users\CLEVO\Desktop\joan\RacingCar\Physics II - Bullet3D - Handout 05\ModulePhysics3D.cpp(466,20): warning C4244: 'argumento': conversión de 'int' a 'float'; posible pérdida de datos
C:\Users\CLEVO\Desktop\joan\RacingCar\Physics II - Bullet3D - Handout 05\ModulePhysics3D.cpp(466,17): warning C4244: 'argumento': conversión de 'int' a 'float'; posible pérdida de datos
C:\Users\CLEVO\Desktop\joan\RacingCar\Physics II - Bullet3D - Handout 05\ModulePhysics3D.cpp(471,39): warning C4244: 'argumento': conversión de 'int' a 'float'; posible pérdida de datos
C:\Users\CLEVO\Desktop\joan\RacingCar\Physics II - Bullet3D - Handout 05\ModulePhysics3D.cpp(471,31): warning C4244: 'argumento': conversión de 'int' a 'float'; posible pérdida de datos
C:\Users\CLEVO\Desktop\joan\RacingCar\Physics II - Bullet3D - Handout 05\ModulePhysics3D.cpp(471,24): warning C4244: 'argumento': conversión de 'int' a 'float'; posible pérdida de datos
C:\Users\CLEVO\Desktop\joan\RacingCar\Physics II - Bullet3D - Handout 05\ModulePhysics3D.cpp(536,25): warning C4244: 'argumento': conversión de 'int' a 'float'; posible pérdida de datos
C:\Users\CLEVO\Desktop\joan\RacingCar\Physics II - Bullet3D - Handout 05\ModulePhysics3D.cpp(545,36): warning C4244: 'argumento': conversión de 'int' a 'float'; posible pérdida de datos
C:\Users\CLEVO\Desktop\joan\RacingCar\Physics II - Bullet3D - Handout 05\ModulePhysics3D.cpp(545,29): warning C4244: 'argumento': conversión de 'int' a 'float'; posible pérdida de datos
C:\Users\CLEVO\Desktop\joan\RacingCar\Physics II - Bullet3D - Handout 05\ModulePhysics3D.cpp(545,21): warning C4244: 'argumento': conversión de 'int' a 'float'; posible pérdida de datos
C:\Users\CLEVO\Desktop\joan\RacingCar\Physics II - Bullet3D - Handout 05\ModulePhysics3D.cpp(557,17): warning C4244: 'inicializando': conversión de 'double' a 'float'; posible pérdida de datos
C:\Users\CLEVO\Desktop\joan\RacingCar\Physics II - Bullet3D - Handout 05\ModulePhysics3D.cpp(591,27): warning C4244: 'inicializando': conversión de 'double' a 'float'; posible pérdida de datos
  ModulePlayer.cpp
C:\Users\CLEVO\Desktop\joan\RacingCar\Physics II - Bullet3D - Handout 05\ModulePlayer.cpp(31,34): warning C4305: 'argumento': truncamiento de 'double' a 'float'
C:\Users\CLEVO\Desktop\joan\RacingCar\Physics II - Bullet3D - Handout 05\ModulePlayer.cpp(43,39): warning C4305: 'argumento': truncamiento de 'double' a 'float'
C:\Users\CLEVO\Desktop\joan\RacingCar\Physics II - Bullet3D - Handout 05\ModulePlayer.cpp(44,39): warning C4305: 'argumento': truncamiento de 'double' a 'float'
C:\Users\CLEVO\Desktop\joan\RacingCar\Physics II - Bullet3D - Handout 05\ModulePlayer.cpp(46,35): warning C4305: 'argumento': truncamiento de 'double' a 'float'
C:\Users\CLEVO\Desktop\joan\RacingCar\Physics II - Bullet3D - Handout 05\ModulePlayer.cpp(47,32): warning C4305: 'argumento': truncamiento de 'double' a 'float'
C:\Users\CLEVO\Desktop\joan\RacingCar\Physics II - Bullet3D - Handout 05\ModulePlayer.cpp(48,35): warning C4305: 'argumento': truncamiento de 'double' a 'float'
C:\Users\CLEVO\Desktop\joan\RacingCar\Physics II - Bullet3D - Handout 05\ModulePlayer.cpp(49,35): warning C4305: 'argumento': truncamiento de 'double' a 'float'
C:\Users\CLEVO\Desktop\joan\RacingCar\Physics II - Bullet3D - Handout 05\ModulePlayer.cpp(50,24): warning C4305: '=': truncamiento de 'double' a 'float'
C:\Users\CLEVO\Desktop\joan\RacingCar\Physics II - Bullet3D - Handout 05\ModulePlayer.cpp(51,45): warning C4305: 'argumento': truncamiento de 'double' a 'float'
C:\Users\CLEVO\Desktop\joan\RacingCar\Physics II - Bullet3D - Handout 05\ModulePlayer.cpp(52,48): warning C4305: 'argumento': truncamiento de 'double' a 'float'
C:\Users\CLEVO\Desktop\joan\RacingCar\Physics II - Bullet3D - Handout 05\ModulePlayer.cpp(53,44): warning C4305: 'argumento': truncamiento de 'double' a 'float'
C:\Users\CLEVO\Desktop\joan\RacingCar\Physics II - Bullet3D - Handout 05\ModulePlayer.cpp(54,48): warning C4305: 'argumento': truncamiento de 'double' a 'float'
C:\Users\CLEVO\Desktop\joan\RacingCar\Physics II - Bullet3D - Handout 05\ModulePlayer.cpp(132,28): warning C4305: 'argumento': truncamiento de 'double' a 'const btScalar'
C:\Users\CLEVO\Desktop\joan\RacingCar\Physics II - Bullet3D - Handout 05\ModulePlayer.cpp(133,33): warning C4305: 'argumento': truncamiento de 'double' a 'const btScalar'
C:\Users\CLEVO\Desktop\joan\RacingCar\Physics II - Bullet3D - Handout 05\ModulePlayer.cpp(134,32): warning C4305: 'argumento': truncamiento de 'double' a 'const btScalar'
C:\Users\CLEVO\Desktop\joan\RacingCar\Physics II - Bullet3D - Handout 05\ModulePlayer.cpp(230,78): warning C4244: 'argumento': conversión de 'float' a 'int'; posible pérdida de datos
C:\Users\CLEVO\Desktop\joan\RacingCar\Physics II - Bullet3D - Handout 05\ModulePlayer.cpp(230,56): warning C4244: 'argumento': conversión de 'float' a 'int'; posible pérdida de datos
C:\Users\CLEVO\Desktop\joan\RacingCar\Physics II - Bullet3D - Handout 05\ModulePlayer.cpp(230,34): warning C4244: 'argumento': conversión de 'float' a 'int'; posible pérdida de datos
C:\Users\CLEVO\Desktop\joan\RacingCar\Physics II - Bullet3D - Handout 05\ModulePlayer.cpp(344,67): warning C4244: 'argumento': conversión de 'float' a 'int'; posible pérdida de datos
C:\Users\CLEVO\Desktop\joan\RacingCar\Physics II - Bullet3D - Handout 05\ModulePlayer.cpp(344,49): warning C4244: 'argumento': conversión de 'float' a 'int'; posible pérdida de datos
C:\Users\CLEVO\Desktop\joan\RacingCar\Physics II - Bullet3D - Handout 05\ModulePlayer.cpp(344,31): warning C4244: 'argumento': conversión de 'float' a 'int'; posible pérdida de datos
C:\Users\CLEVO\Desktop\joan\RacingCar\Physics II - Bullet3D - Handout 05\ModulePlayer.cpp(388,67): warning C4244: 'argumento': conversión de 'float' a 'int'; posible pérdida de datos
C:\Users\CLEVO\Desktop\joan\RacingCar\Physics II - Bullet3D - Handout 05\ModulePlayer.cpp(388,49): warning C4244: 'argumento': conversión de 'float' a 'int'; posible pérdida de datos
C:\Users\CLEVO\Desktop\joan\RacingCar\Physics II - Bullet3D - Handout 05\ModulePlayer.cpp(388,31): warning C4244: 'argumento': conversión de 'float' a 'int'; posible pérdida de datos
C:\Users\CLEVO\Desktop\joan\RacingCar\Physics II - Bullet3D - Handout 05\ModulePlayer.cpp(423,24): warning C4244: 'argumento': conversión de 'int' a 'float'; posible pérdida de datos
C:\Users\CLEVO\Desktop\joan\RacingCar\Physics II - Bullet3D - Handout 05\ModulePlayer.cpp(423,21): warning C4244: 'argumento': conversión de 'int' a 'float'; posible pérdida de datos
C:\Users\CLEVO\Desktop\joan\RacingCar\Physics II - Bullet3D - Handout 05\ModulePlayer.cpp(423,18): warning C4244: 'argumento': conversión de 'int' a 'float'; posible pérdida de datos
  ModuleRenderer3D.cpp
  ModuleSceneIntro.cpp
C:\Users\CLEVO\Desktop\joan\RacingCar\Physics II - Bullet3D - Handout 05\ModuleSceneIntro.cpp(36,72): warning C4305: 'argumento': truncamiento de 'double' a 'float'
C:\Users\CLEVO\Desktop\joan\RacingCar\Physics II - Bullet3D - Handout 05\ModuleSceneIntro.cpp(43,78): warning C4305: 'argumento': truncamiento de 'double' a 'float'
C:\Users\CLEVO\Desktop\joan\RacingCar\Physics II - Bullet3D - Handout 05\ModuleSceneIntro.cpp(50,75): warning C4305: 'argumento': truncamiento de 'double' a 'float'
C:\Users\CLEVO\Desktop\joan\RacingCar\Physics II - Bullet3D - Handout 05\ModuleSceneIntro.cpp(88,33): warning C4244: 'argumento': conversión de 'double' a 'int'; posible pérdida de datos
C:\Users\CLEVO\Desktop\joan\RacingCar\Physics II - Bullet3D - Handout 05\ModuleSceneIntro.cpp(89,33): warning C4244: 'argumento': conversión de 'double' a 'int'; posible pérdida de datos
C:\Users\CLEVO\Desktop\joan\RacingCar\Physics II - Bullet3D - Handout 05\ModuleSceneIntro.cpp(91,33): warning C4244: 'argumento': conversión de 'double' a 'int'; posible pérdida de datos
C:\Users\CLEVO\Desktop\joan\RacingCar\Physics II - Bullet3D - Handout 05\ModuleSceneIntro.cpp(92,33): warning C4244: 'argumento': conversión de 'double' a 'int'; posible pérdida de datos
C:\Users\CLEVO\Desktop\joan\RacingCar\Physics II - Bullet3D - Handout 05\ModuleSceneIntro.cpp(94,34): warning C4244: 'argumento': conversión de 'double' a 'int'; posible pérdida de datos
C:\Users\CLEVO\Desktop\joan\RacingCar\Physics II - Bullet3D - Handout 05\ModuleSceneIntro.cpp(96,33): warning C4244: 'argumento': conversión de 'double' a 'int'; posible pérdida de datos
C:\Users\CLEVO\Desktop\joan\RacingCar\Physics II - Bullet3D - Handout 05\ModuleSceneIntro.cpp(98,83): warning C4305: 'argumento': truncamiento de 'double' a 'float'
C:\Users\CLEVO\Desktop\joan\RacingCar\Physics II - Bullet3D - Handout 05\ModuleSceneIntro.cpp(99,86): warning C4305: 'argumento': truncamiento de 'double' a 'float'
C:\Users\CLEVO\Desktop\joan\RacingCar\Physics II - Bullet3D - Handout 05\ModuleSceneIntro.cpp(100,84): warning C4305: 'argumento': truncamiento de 'double' a 'float'
C:\Users\CLEVO\Desktop\joan\RacingCar\Physics II - Bullet3D - Handout 05\ModuleSceneIntro.cpp(101,88): warning C4305: 'argumento': truncamiento de 'double' a 'float'
C:\Users\CLEVO\Desktop\joan\RacingCar\Physics II - Bullet3D - Handout 05\ModuleSceneIntro.cpp(102,85): warning C4305: 'argumento': truncamiento de 'double' a 'float'
C:\Users\CLEVO\Desktop\joan\RacingCar\Physics II - Bullet3D - Handout 05\ModuleSceneIntro.cpp(103,88): warning C4305: 'argumento': truncamiento de 'double' a 'float'
C:\Users\CLEVO\Desktop\joan\RacingCar\Physics II - Bullet3D - Handout 05\ModuleSceneIntro.cpp(104,86): warning C4305: 'argumento': truncamiento de 'double' a 'float'
C:\Users\CLEVO\Desktop\joan\RacingCar\Physics II - Bullet3D - Handout 05\ModuleSceneIntro.cpp(105,88): warning C4305: 'argumento': truncamiento de 'double' a 'float'
C:\Users\CLEVO\Desktop\joan\RacingCar\Physics II - Bullet3D - Handout 05\ModuleSceneIntro.cpp(106,85): warning C4305: 'argumento': truncamiento de 'double' a 'float'
C:\Users\CLEVO\Desktop\joan\RacingCar\Physics II - Bullet3D - Handout 05\ModuleSceneIntro.cpp(107,88): warning C4305: 'argumento': truncamiento de 'double' a 'float'
C:\Users\CLEVO\Desktop\joan\RacingCar\Physics II - Bullet3D - Handout 05\ModuleSceneIntro.cpp(108,86): warning C4305: 'argumento': truncamiento de 'double' a 'float'
C:\Users\CLEVO\Desktop\joan\RacingCar\Physics II - Bullet3D - Handout 05\ModuleSceneIntro.cpp(109,88): warning C4305: 'argumento': truncamiento de 'double' a 'float'
C:\Users\CLEVO\Desktop\joan\RacingCar\Physics II - Bullet3D - Handout 05\ModuleSceneIntro.cpp(110,85): warning C4305: 'argumento': truncamiento de 'double' a 'float'
C:\Users\CLEVO\Desktop\joan\RacingCar\Physics II - Bullet3D - Handout 05\ModuleSceneIntro.cpp(113,34): warning C4244: 'argumento': conversión de 'double' a 'int'; posible pérdida de datos
C:\Users\CLEVO\Desktop\joan\RacingCar\Physics II - Bullet3D - Handout 05\ModuleSceneIntro.cpp(114,33): warning C4244: 'argumento': conversión de 'double' a 'int'; posible pérdida de datos
C:\Users\CLEVO\Desktop\joan\RacingCar\Physics II - Bullet3D - Handout 05\ModuleSceneIntro.cpp(115,33): warning C4244: 'argumento': conversión de 'double' a 'int'; posible pérdida de datos
C:\Users\CLEVO\Desktop\joan\RacingCar\Physics II - Bullet3D - Handout 05\ModuleSceneIntro.cpp(116,33): warning C4244: 'argumento': conversión de 'double' a 'int'; posible pérdida de datos
C:\Users\CLEVO\Desktop\joan\RacingCar\Physics II - Bullet3D - Handout 05\ModuleSceneIntro.cpp(117,33): warning C4244: 'argumento': conversión de 'double' a 'int'; posible pérdida de datos
C:\Users\CLEVO\Desktop\joan\RacingCar\Physics II - Bullet3D - Handout 05\ModuleSceneIntro.cpp(118,33): warning C4244: 'argumento': conversión de 'double' a 'int'; posible pérdida de datos
C:\Users\CLEVO\Desktop\joan\RacingCar\Physics II - Bullet3D - Handout 05\ModuleSceneIntro.cpp(119,33): warning C4244: 'argumento': conversión de 'double' a 'int'; posible pérdida de datos
C:\Users\CLEVO\Desktop\joan\RacingCar\Physics II - Bullet3D - Handout 05\ModuleSceneIntro.cpp(120,33): warning C4244: 'argumento': conversión de 'double' a 'int'; posible pérdida de datos
C:\Users\CLEVO\Desktop\joan\RacingCar\Physics II - Bullet3D - Handout 05\ModuleSceneIntro.cpp(121,33): warning C4244: 'argumento': conversión de 'double' a 'int'; posible pérdida de datos
C:\Users\CLEVO\Desktop\joan\RacingCar\Physics II - Bullet3D - Handout 05\ModuleSceneIntro.cpp(122,33): warning C4244: 'argumento': conversión de 'double' a 'int'; posible pérdida de datos
C:\Users\CLEVO\Desktop\joan\RacingCar\Physics II - Bullet3D - Handout 05\ModuleSceneIntro.cpp(125,33): warning C4244: 'argumento': conversión de 'double' a 'int'; posible pérdida de datos
C:\Users\CLEVO\Desktop\joan\RacingCar\Physics II - Bullet3D - Handout 05\ModuleSceneIntro.cpp(126,29): warning C4244: 'argumento': conversión de 'double' a 'int'; posible pérdida de datos
C:\Users\CLEVO\Desktop\joan\RacingCar\Physics II - Bullet3D - Handout 05\ModuleSceneIntro.cpp(127,29): warning C4244: 'argumento': conversión de 'double' a 'int'; posible pérdida de datos
C:\Users\CLEVO\Desktop\joan\RacingCar\Physics II - Bullet3D - Handout 05\ModuleSceneIntro.cpp(128,33): warning C4244: 'argumento': conversión de 'double' a 'int'; posible pérdida de datos
C:\Users\CLEVO\Desktop\joan\RacingCar\Physics II - Bullet3D - Handout 05\ModuleSceneIntro.cpp(129,29): warning C4244: 'argumento': conversión de 'double' a 'int'; posible pérdida de datos
C:\Users\CLEVO\Desktop\joan\RacingCar\Physics II - Bullet3D - Handout 05\ModuleSceneIntro.cpp(130,29): warning C4244: 'argumento': conversión de 'double' a 'int'; posible pérdida de datos
C:\Users\CLEVO\Desktop\joan\RacingCar\Physics II - Bullet3D - Handout 05\ModuleSceneIntro.cpp(131,33): warning C4244: 'argumento': conversión de 'double' a 'int'; posible pérdida de datos
C:\Users\CLEVO\Desktop\joan\RacingCar\Physics II - Bullet3D - Handout 05\ModuleSceneIntro.cpp(132,29): warning C4244: 'argumento': conversión de 'double' a 'int'; posible pérdida de datos
C:\Users\CLEVO\Desktop\joan\RacingCar\Physics II - Bullet3D - Handout 05\ModuleSceneIntro.cpp(133,29): warning C4244: 'argumento': conversión de 'double' a 'int'; posible pérdida de datos
C:\Users\CLEVO\Desktop\joan\RacingCar\Physics II - Bullet3D - Handout 05\ModuleSceneIntro.cpp(134,33): warning C4244: 'argumento': conversión de 'double' a 'int'; posible pérdida de datos
C:\Users\CLEVO\Desktop\joan\RacingCar\Physics II - Bullet3D - Handout 05\ModuleSceneIntro.cpp(135,29): warning C4244: 'argumento': conversión de 'double' a 'int'; posible pérdida de datos
C:\Users\CLEVO\Desktop\joan\RacingCar\Physics II - Bullet3D - Handout 05\ModuleSceneIntro.cpp(136,29): warning C4244: 'argumento': conversión de 'double' a 'int'; posible pérdida de datos
C:\Users\CLEVO\Desktop\joan\RacingCar\Physics II - Bullet3D - Handout 05\ModuleSceneIntro.cpp(137,29): warning C4244: 'argumento': conversión de 'double' a 'int'; posible pérdida de datos
C:\Users\CLEVO\Desktop\joan\RacingCar\Physics II - Bullet3D - Handout 05\ModuleSceneIntro.cpp(138,33): warning C4244: 'argumento': conversión de 'double' a 'int'; posible pérdida de datos
C:\Users\CLEVO\Desktop\joan\RacingCar\Physics II - Bullet3D - Handout 05\ModuleSceneIntro.cpp(139,29): warning C4244: 'argumento': conversión de 'double' a 'int'; posible pérdida de datos
C:\Users\CLEVO\Desktop\joan\RacingCar\Physics II - Bullet3D - Handout 05\ModuleSceneIntro.cpp(140,29): warning C4244: 'argumento': conversión de 'double' a 'int'; posible pérdida de datos
C:\Users\CLEVO\Desktop\joan\RacingCar\Physics II - Bullet3D - Handout 05\ModuleSceneIntro.cpp(141,33): warning C4244: 'argumento': conversión de 'double' a 'int'; posible pérdida de datos
C:\Users\CLEVO\Desktop\joan\RacingCar\Physics II - Bullet3D - Handout 05\ModuleSceneIntro.cpp(142,29): warning C4244: 'argumento': conversión de 'double' a 'int'; posible pérdida de datos
C:\Users\CLEVO\Desktop\joan\RacingCar\Physics II - Bullet3D - Handout 05\ModuleSceneIntro.cpp(143,29): warning C4244: 'argumento': conversión de 'double' a 'int'; posible pérdida de datos
C:\Users\CLEVO\Desktop\joan\RacingCar\Physics II - Bullet3D - Handout 05\ModuleSceneIntro.cpp(144,33): warning C4244: 'argumento': conversión de 'double' a 'int'; posible pérdida de datos
C:\Users\CLEVO\Desktop\joan\RacingCar\Physics II - Bullet3D - Handout 05\ModuleSceneIntro.cpp(145,29): warning C4244: 'argumento': conversión de 'double' a 'int'; posible pérdida de datos
C:\Users\CLEVO\Desktop\joan\RacingCar\Physics II - Bullet3D - Handout 05\ModuleSceneIntro.cpp(146,29): warning C4244: 'argumento': conversión de 'double' a 'int'; posible pérdida de datos
C:\Users\CLEVO\Desktop\joan\RacingCar\Physics II - Bullet3D - Handout 05\ModuleSceneIntro.cpp(147,33): warning C4244: 'argumento': conversión de 'double' a 'int'; posible pérdida de datos
C:\Users\CLEVO\Desktop\joan\RacingCar\Physics II - Bullet3D - Handout 05\ModuleSceneIntro.cpp(148,29): warning C4244: 'argumento': conversión de 'double' a 'int'; posible pérdida de datos
C:\Users\CLEVO\Desktop\joan\RacingCar\Physics II - Bullet3D - Handout 05\ModuleSceneIntro.cpp(149,29): warning C4244: 'argumento': conversión de 'double' a 'int'; posible pérdida de datos
C:\Users\CLEVO\Desktop\joan\RacingCar\Physics II - Bullet3D - Handout 05\ModuleSceneIntro.cpp(150,33): warning C4244: 'argumento': conversión de 'double' a 'int'; posible pérdida de datos
C:\Users\CLEVO\Desktop\joan\RacingCar\Physics II - Bullet3D - Handout 05\ModuleSceneIntro.cpp(151,29): warning C4244: 'argumento': conversión de 'double' a 'int'; posible pérdida de datos
C:\Users\CLEVO\Desktop\joan\RacingCar\Physics II - Bullet3D - Handout 05\ModuleSceneIntro.cpp(152,29): warning C4244: 'argumento': conversión de 'double' a 'int'; posible pérdida de datos
C:\Users\CLEVO\Desktop\joan\RacingCar\Physics II - Bullet3D - Handout 05\ModuleSceneIntro.cpp(153,29): warning C4244: 'argumento': conversión de 'double' a 'int'; posible pérdida de datos
C:\Users\CLEVO\Desktop\joan\RacingCar\Physics II - Bullet3D - Handout 05\ModuleSceneIntro.cpp(157,29): warning C4244: 'argumento': conversión de 'double' a 'int'; posible pérdida de datos
C:\Users\CLEVO\Desktop\joan\RacingCar\Physics II - Bullet3D - Handout 05\ModuleSceneIntro.cpp(188,29): warning C4244: 'argumento': conversión de 'double' a 'int'; posible pérdida de datos
C:\Users\CLEVO\Desktop\joan\RacingCar\Physics II - Bullet3D - Handout 05\ModuleSceneIntro.cpp(189,29): warning C4244: 'argumento': conversión de 'double' a 'int'; posible pérdida de datos
C:\Users\CLEVO\Desktop\joan\RacingCar\Physics II - Bullet3D - Handout 05\ModuleSceneIntro.cpp(190,29): warning C4244: 'argumento': conversión de 'double' a 'int'; posible pérdida de datos
C:\Users\CLEVO\Desktop\joan\RacingCar\Physics II - Bullet3D - Handout 05\ModuleSceneIntro.cpp(194,29): warning C4244: 'argumento': conversión de 'double' a 'int'; posible pérdida de datos
C:\Users\CLEVO\Desktop\joan\RacingCar\Physics II - Bullet3D - Handout 05\ModuleSceneIntro.cpp(195,29): warning C4244: 'argumento': conversión de 'double' a 'int'; posible pérdida de datos
C:\Users\CLEVO\Desktop\joan\RacingCar\Physics II - Bullet3D - Handout 05\ModuleSceneIntro.cpp(196,29): warning C4244: 'argumento': conversión de 'double' a 'int'; posible pérdida de datos
C:\Users\CLEVO\Desktop\joan\RacingCar\Physics II - Bullet3D - Handout 05\ModuleSceneIntro.cpp(197,29): warning C4244: 'argumento': conversión de 'double' a 'int'; posible pérdida de datos
C:\Users\CLEVO\Desktop\joan\RacingCar\Physics II - Bullet3D - Handout 05\ModuleSceneIntro.cpp(199,29): warning C4244: 'argumento': conversión de 'double' a 'int'; posible pérdida de datos
C:\Users\CLEVO\Desktop\joan\RacingCar\Physics II - Bullet3D - Handout 05\ModuleSceneIntro.cpp(200,29): warning C4244: 'argumento': conversión de 'double' a 'int'; posible pérdida de datos
C:\Users\CLEVO\Desktop\joan\RacingCar\Physics II - Bullet3D - Handout 05\ModuleSceneIntro.cpp(202,29): warning C4244: 'argumento': conversión de 'double' a 'int'; posible pérdida de datos
C:\Users\CLEVO\Desktop\joan\RacingCar\Physics II - Bullet3D - Handout 05\ModuleSceneIntro.cpp(203,29): warning C4244: 'argumento': conversión de 'double' a 'int'; posible pérdida de datos
C:\Users\CLEVO\Desktop\joan\RacingCar\Physics II - Bullet3D - Handout 05\ModuleSceneIntro.cpp(205,29): warning C4244: 'argumento': conversión de 'double' a 'int'; posible pérdida de datos
C:\Users\CLEVO\Desktop\joan\RacingCar\Physics II - Bullet3D - Handout 05\ModuleSceneIntro.cpp(207,29): warning C4244: 'argumento': conversión de 'double' a 'int'; posible pérdida de datos
C:\Users\CLEVO\Desktop\joan\RacingCar\Physics II - Bullet3D - Handout 05\ModuleSceneIntro.cpp(208,29): warning C4244: 'argumento': conversión de 'double' a 'int'; posible pérdida de datos
  ModuleWindow.cpp
  PhysBody3D.cpp
  PhysVehicle3D.cpp
  Primitive.cpp
  Timer.cpp
  Generando código
  Previous IPDB not found, fall back to full compilation.
  All 460 functions were compiled because no usable IPDB/IOBJ from previous compilation was found.
  Generación de código finalizada
  3D Physics.vcxproj -> C:\Users\CLEVO\Desktop\joan\RacingCar\Physics II - Bullet3D - Handout 05\Release\3D Physics - class5.exe
