c:\users\clevo\desktop\joan\racingcar\physics ii - bullet3d - handout 05\release\3d physics - class5.ipdb
c:\users\clevo\desktop\joan\racingcar\physics ii - bullet3d - handout 05\release\3d physics - class5.iobj
c:\users\clevo\desktop\joan\racingcar\physics ii - bullet3d - handout 05\release\vc142.pdb
c:\users\clevo\desktop\joan\racingcar\physics ii - bullet3d - handout 05\release\timer.obj
c:\users\clevo\desktop\joan\racingcar\physics ii - bullet3d - handout 05\release\primitive.obj
c:\users\clevo\desktop\joan\racingcar\physics ii - bullet3d - handout 05\release\physvehicle3d.obj
c:\users\clevo\desktop\joan\racingcar\physics ii - bullet3d - handout 05\release\physbody3d.obj
c:\users\clevo\desktop\joan\racingcar\physics ii - bullet3d - handout 05\release\modulewindow.obj
c:\users\clevo\desktop\joan\racingcar\physics ii - bullet3d - handout 05\release\modulesceneintro.obj
c:\users\clevo\desktop\joan\racingcar\physics ii - bullet3d - handout 05\release\modulerenderer3d.obj
c:\users\clevo\desktop\joan\racingcar\physics ii - bullet3d - handout 05\release\moduleplayer.obj
c:\users\clevo\desktop\joan\racingcar\physics ii - bullet3d - handout 05\release\modulephysics3d.obj
c:\users\clevo\desktop\joan\racingcar\physics ii - bullet3d - handout 05\release\moduleinput.obj
c:\users\clevo\desktop\joan\racingcar\physics ii - bullet3d - handout 05\release\modulecamera3d.obj
c:\users\clevo\desktop\joan\racingcar\physics ii - bullet3d - handout 05\release\moduleaudio.obj
c:\users\clevo\desktop\joan\racingcar\physics ii - bullet3d - handout 05\release\main.obj
c:\users\clevo\desktop\joan\racingcar\physics ii - bullet3d - handout 05\release\log.obj
c:\users\clevo\desktop\joan\racingcar\physics ii - bullet3d - handout 05\release\light.obj
c:\users\clevo\desktop\joan\racingcar\physics ii - bullet3d - handout 05\release\glmath.obj
c:\users\clevo\desktop\joan\racingcar\physics ii - bullet3d - handout 05\release\color.obj
c:\users\clevo\desktop\joan\racingcar\physics ii - bullet3d - handout 05\release\application.obj
c:\users\clevo\desktop\joan\racingcar\physics ii - bullet3d - handout 05\release\3d physics - class5.exe
c:\users\clevo\desktop\joan\racingcar\physics ii - bullet3d - handout 05\release\3d physics - class5.pdb
c:\users\clevo\desktop\joan\racingcar\physics ii - bullet3d - handout 05\release\3d physi.746cc4c3.tlog\3d physics - class5.write.1u.tlog
c:\users\clevo\desktop\joan\racingcar\physics ii - bullet3d - handout 05\release\3d physi.746cc4c3.tlog\cl.command.1.tlog
c:\users\clevo\desktop\joan\racingcar\physics ii - bullet3d - handout 05\release\3d physi.746cc4c3.tlog\cl.read.1.tlog
c:\users\clevo\desktop\joan\racingcar\physics ii - bullet3d - handout 05\release\3d physi.746cc4c3.tlog\cl.write.1.tlog
c:\users\clevo\desktop\joan\racingcar\physics ii - bullet3d - handout 05\release\3d physi.746cc4c3.tlog\link.command.1.tlog
c:\users\clevo\desktop\joan\racingcar\physics ii - bullet3d - handout 05\release\3d physi.746cc4c3.tlog\link.read.1.tlog
c:\users\clevo\desktop\joan\racingcar\physics ii - bullet3d - handout 05\release\3d physi.746cc4c3.tlog\link.write.1.tlog
